<?xml version="1.0" encoding="UTF-8"?>
<!-- Generated by org.testng.reporters.JUnitReportReporter -->
<testsuite hostname="OWNMUM-49272" failures="0" tests="1" name="RestGITHub.CreateRepo" time="5.735" errors="0" timestamp="04 Dec 2022 07:19:59 GMT" skipped="0">
  <testcase classname="RestGITHub.CreateRepo" name="test1" time="5.735"/>
</testsuite> <!-- RestGITHub.CreateRepo -->
