<?xml version="1.0" encoding="UTF-8"?>
<!-- Generated by org.testng.reporters.JUnitReportReporter -->
<testsuite hostname="OWNMUM-49272" failures="0" tests="1" name="RestAPIXML.XMLExample" time="4.873" errors="0" timestamp="04 Dec 2022 05:19:02 GMT" skipped="0">
  <testcase classname="RestAPIXML.XMLExample" name="test1" time="4.873"/>
</testsuite> <!-- RestAPIXML.XMLExample -->
