<?xml version="1.0" encoding="UTF-8"?>
<!-- Generated by org.testng.reporters.JUnitReportReporter -->
<testsuite hostname="OWNMUM-49272" failures="0" tests="1" name="restAPI.PostRequestWithFile" time="6.051" errors="0" timestamp="04 Dec 2022 04:30:03 GMT" skipped="0">
  <testcase classname="restAPI.PostRequestWithFile" name="test1" time="6.051"/>
</testsuite> <!-- restAPI.PostRequestWithFile -->
