<?xml version="1.0" encoding="UTF-8"?>
<!-- Generated by org.testng.reporters.JUnitReportReporter -->
<testsuite hostname="OWNMUM-49272" failures="0" tests="1" name="restAPI.GetRequestWithParameters" time="10.584" errors="0" timestamp="03 Dec 2022 06:28:05 GMT" skipped="0">
  <testcase classname="restAPI.GetRequestWithParameters" name="test1" time="10.584"/>
</testsuite> <!-- restAPI.GetRequestWithParameters -->
