<?xml version="1.0" encoding="UTF-8"?>
<!-- Generated by org.testng.reporters.JUnitReportReporter -->
<testsuite hostname="OWNMUM-49272" failures="0" tests="1" name="restAPI.PutRequest" time="3.981" errors="0" timestamp="04 Dec 2022 04:41:33 GMT" skipped="0">
  <testcase classname="restAPI.PutRequest" name="test1" time="3.981"/>
</testsuite> <!-- restAPI.PutRequest -->
