<?xml version="1.0" encoding="UTF-8"?>
<!-- Generated by org.testng.reporters.JUnitReportReporter -->
<testsuite hostname="OWNMUM-49272" failures="0" tests="1" name="RestAPIBDD.GetRequest" time="3.852" errors="0" timestamp="04 Dec 2022 06:13:57 GMT" skipped="0">
  <testcase classname="RestAPIBDD.GetRequest" name="test1" time="3.852"/>
</testsuite> <!-- RestAPIBDD.GetRequest -->
