<?xml version="1.0" encoding="UTF-8"?>
<!-- Generated by org.testng.reporters.JUnitReportReporter -->
<testsuite hostname="OWNMUM-49272" failures="0" tests="1" name="RestAPIBDD.PostRequest" time="5.627" errors="0" timestamp="04 Dec 2022 06:52:51 GMT" skipped="0">
  <testcase classname="RestAPIBDD.PostRequest" name="test4" time="5.627"/>
</testsuite> <!-- RestAPIBDD.PostRequest -->
