<?xml version="1.0" encoding="UTF-8"?>
<!-- Generated by org.testng.reporters.JUnitReportReporter -->
<testsuite hostname="OWNMUM-49272" failures="0" tests="1" name="restAPI.PostREquestWithMap" time="14.032" errors="0" timestamp="03 Dec 2022 07:26:27 GMT" skipped="0">
  <testcase classname="restAPI.PostREquestWithMap" name="test1" time="14.032"/>
</testsuite> <!-- restAPI.PostREquestWithMap -->
